
=== Thu Jun 27 12:24:44 2019

Packages were changed.
Update Mode: mergeDefaultDependencies

The following packages were updated:
  com.unity.analytics from version 3.2.2 to 3.3.2
  com.unity.collab-proxy from version 1.2.9 to 1.2.16
  com.unity.package-manager-ui from version 2.1.1 to 2.1.2
  com.unity.purchasing from version 2.0.1 to 2.0.6
  com.unity.textmeshpro from version 1.3.0 to 2.0.1
  com.unity.timeline from version 0.0.0-builtin to 1.0.0

=== Wed Jul 17 22:29:54 2019

Packages were changed.
Update Mode: updateDependencies

The following packages were added:
  com.unity.2d.tilemap@1.0.0
  com.unity.ext.nunit@1.0.0
  com.unity.test-framework@1.0.13
  com.unity.2d.sprite@1.0.0
  com.unity.ide.vscode@1.0.7
  com.unity.ide.visualstudio@1.0.11
  com.unity.ide.rider@1.0.8
  com.unity.ugui@1.0.0
  com.unity.modules.androidjni@1.0.0
The following packages were updated:
  com.unity.package-manager-ui from version 2.1.2 to 2.2.0
  com.unity.render-pipelines.lightweight from version 5.7.2 to 6.7.1
  com.unity.timeline from version 1.0.0 to 1.1.0

=== Thu Aug 22 23:52:47 2019

Packages were changed.
Update Mode: updateDependencies

The following packages were updated:
  com.unity.ide.rider from version 1.0.8 to 1.1.0

=== Sat Aug 31 00:35:24 2019

Packages were changed.
Update Mode: updateDependencies

The following packages were updated:
  com.unity.ide.vscode from version 1.0.7 to 1.1.0

=== Wed Sep 11 22:43:28 2019

Packages were changed.
Update Mode: updateDependencies

The following packages were updated:
  com.unity.2d.pixel-perfect from version 1.0.1-preview to 2.0.2
  com.unity.render-pipelines.core from version 6.9.1 to 7.0.1
  com.unity.shadergraph from version 6.9.1 to 7.0.1
  com.unity.test-framework from version 1.0.18 to 1.1.1
  com.unity.timeline from version 1.1.0 to 1.2.1
The following packages were removed:
  com.unity.package-manager-ui@2.2.0

=== Wed Oct  2 21:48:09 2019

Packages were changed.
Update Mode: updateDependencies

The following packages were updated:
  com.unity.render-pipelines.core from version 7.0.1 to 7.1.1
  com.unity.shadergraph from version 7.0.1 to 7.1.1

=== Fri Oct 25 19:34:56 2019

Packages were changed.
Update Mode: updateDependencies

The following packages were updated:
  com.unity.timeline from version 1.2.2 to 1.2.4

=== Sun Dec 15 23:29:49 2019

Packages were changed.
Update Mode: updateDependencies

The following packages were updated:
  com.unity.2d.pixel-perfect from version 2.0.2 to 2.0.3
  com.unity.ide.vscode from version 1.1.2 to 1.1.3
  com.unity.postprocessing from version 2.1.7 to 2.2.1
  com.unity.render-pipelines.core from version 7.1.2 to 7.1.5
  com.unity.render-pipelines.lightweight from version 7.1.2 to 7.1.5
  com.unity.shadergraph from version 7.1.2 to 7.1.5
  com.unity.timeline from version 1.2.4 to 1.2.6
